<?xml version="1.0" encoding="UTF-8"?>
<!-- Generated by org.testng.reporters.JUnitXMLReporter -->
<testsuite ignored="0" hostname="DESKTOP-THKH13N" failures="1" tests="4" name="PetTest" time="13.733" errors="0" timestamp="2024-08-13T17:16:20 IST">
  <testcase classname="test.UserTest" name="testPostUser" time="5.793"/>
  <testcase classname="test.UserTest" name="testGetUserByName" time="1.825">
    <failure type="java.lang.AssertionError" message="expected [200] but found [404]">
      <![CDATA[java.lang.AssertionError: expected [200] but found [404]
at test.UserTest.testGetUserByName(UserTest.java:50)
at java.base/java.util.ArrayList.forEach(ArrayList.java:1596)
... Removed 32 stack frames]]>
    </failure>
  </testcase> <!-- testGetUserByName -->
  <testcase classname="test.UserTest" name="testPutUser" time="3.364"/>
  <testcase classname="test.UserTest" name="testDeleteUserByName" time="1.57"/>
</testsuite> <!-- PetTest -->
