<?xml version="1.0" encoding="UTF-8"?>
<!-- Generated by org.testng.reporters.JUnitXMLReporter -->
<testsuite ignored="0" hostname="DESKTOP-THKH13N" failures="0" tests="4" name="Default test" time="18.264" errors="0" timestamp="2024-08-13T17:15:24 IST">
  <testcase classname="test.UserTest" name="testPostUser" time="9.44"/>
  <testcase classname="test.UserTest" name="testGetUserByName" time="1.436"/>
  <testcase classname="test.UserTest" name="testPutUser" time="4.185"/>
  <testcase classname="test.UserTest" name="testDeleteUserByName" time="2.036"/>
</testsuite> <!-- Default test -->
